  Tesdttwetwetrwt.cpp
C:\Users\dmytr\source\repos\Tesdttwetwetrwt\Tesdttwetwetrwt\Tesdttwetwetrwt.cpp(29,24): error C2061: syntax error: identifier 'Node'
C:\Users\dmytr\source\repos\Tesdttwetwetrwt\Tesdttwetwetrwt\Tesdttwetwetrwt.cpp(60,2): message : see reference to class template instantiation 'ListIterator<T>' being compiled
C:\Users\dmytr\source\repos\Tesdttwetwetrwt\Tesdttwetwetrwt\Tesdttwetwetrwt.cpp(59,6): error C2143: syntax error: missing ';' before '<'
C:\Users\dmytr\source\repos\Tesdttwetwetrwt\Tesdttwetwetrwt\Tesdttwetwetrwt.cpp(59,1): error C4430: missing type specifier - int assumed. Note: C++ does not support default-int
C:\Users\dmytr\source\repos\Tesdttwetwetrwt\Tesdttwetwetrwt\Tesdttwetwetrwt.cpp(59,1): error C2238: unexpected token(s) preceding ';'
C:\Users\dmytr\source\repos\Tesdttwetwetrwt\Tesdttwetwetrwt\Tesdttwetwetrwt.cpp(29,41): error C3861: 'current': identifier not found
C:\Users\dmytr\source\repos\Tesdttwetwetrwt\Tesdttwetwetrwt\Tesdttwetwetrwt.cpp(29,49): error C3861: 'node': identifier not found
C:\Users\dmytr\source\repos\Tesdttwetwetrwt\Tesdttwetwetrwt\Tesdttwetwetrwt.cpp(29,49): error C2065: 'node': undeclared identifier
C:\Users\dmytr\source\repos\Tesdttwetwetrwt\Tesdttwetwetrwt\Tesdttwetwetrwt.cpp(32,10): error C3861: 'current': identifier not found
C:\Users\dmytr\source\repos\Tesdttwetwetrwt\Tesdttwetwetrwt\Tesdttwetwetrwt.cpp(32,10): error C2065: 'current': undeclared identifier
C:\Users\dmytr\source\repos\Tesdttwetwetrwt\Tesdttwetwetrwt\Tesdttwetwetrwt.cpp(36,12): error C2065: 'current': undeclared identifier
C:\Users\dmytr\source\repos\Tesdttwetwetrwt\Tesdttwetwetrwt\Tesdttwetwetrwt.cpp(36,12): error C3861: 'current': identifier not found
C:\Users\dmytr\source\repos\Tesdttwetwetrwt\Tesdttwetwetrwt\Tesdttwetwetrwt.cpp(40,3): error C3861: 'current': identifier not found
C:\Users\dmytr\source\repos\Tesdttwetwetrwt\Tesdttwetwetrwt\Tesdttwetwetrwt.cpp(40,13): error C3861: 'current': identifier not found
C:\Users\dmytr\source\repos\Tesdttwetwetrwt\Tesdttwetwetrwt\Tesdttwetwetrwt.cpp(40,3): error C2065: 'current': undeclared identifier
C:\Users\dmytr\source\repos\Tesdttwetwetrwt\Tesdttwetwetrwt\Tesdttwetwetrwt.cpp(40,13): error C2065: 'current': undeclared identifier
C:\Users\dmytr\source\repos\Tesdttwetwetrwt\Tesdttwetwetrwt\Tesdttwetwetrwt.cpp(51,10): error C3861: 'current': identifier not found
C:\Users\dmytr\source\repos\Tesdttwetwetrwt\Tesdttwetwetrwt\Tesdttwetwetrwt.cpp(51,10): error C2065: 'current': undeclared identifier
C:\Users\dmytr\source\repos\Tesdttwetwetrwt\Tesdttwetwetrwt\Tesdttwetwetrwt.cpp(72,1): error C4430: missing type specifier - int assumed. Note: C++ does not support default-int
C:\Users\dmytr\source\repos\Tesdttwetwetrwt\Tesdttwetwetrwt\Tesdttwetwetrwt.cpp(103,2): message : see reference to class template instantiation 'ConstListIterator<T>' being compiled
C:\Users\dmytr\source\repos\Tesdttwetwetrwt\Tesdttwetwetrwt\Tesdttwetwetrwt.cpp(72,39): error C2143: syntax error: missing ',' before '<'
C:\Users\dmytr\source\repos\Tesdttwetwetrwt\Tesdttwetwetrwt\Tesdttwetwetrwt.cpp(102,1): error C4430: missing type specifier - int assumed. Note: C++ does not support default-int
C:\Users\dmytr\source\repos\Tesdttwetwetrwt\Tesdttwetwetrwt\Tesdttwetwetrwt.cpp(102,12): error C2143: syntax error: missing ';' before '<'
C:\Users\dmytr\source\repos\Tesdttwetwetrwt\Tesdttwetwetrwt\Tesdttwetwetrwt.cpp(102,1): error C2238: unexpected token(s) preceding ';'
C:\Users\dmytr\source\repos\Tesdttwetwetrwt\Tesdttwetwetrwt\Tesdttwetwetrwt.cpp(72,52): error C3861: 'current': identifier not found
C:\Users\dmytr\source\repos\Tesdttwetwetrwt\Tesdttwetwetrwt\Tesdttwetwetrwt.cpp(72,60): error C3861: 'node': identifier not found
C:\Users\dmytr\source\repos\Tesdttwetwetrwt\Tesdttwetwetrwt\Tesdttwetwetrwt.cpp(72,60): error C2065: 'node': undeclared identifier
C:\Users\dmytr\source\repos\Tesdttwetwetrwt\Tesdttwetwetrwt\Tesdttwetwetrwt.cpp(75,10): error C3861: 'current': identifier not found
C:\Users\dmytr\source\repos\Tesdttwetwetrwt\Tesdttwetwetrwt\Tesdttwetwetrwt.cpp(75,10): error C2065: 'current': undeclared identifier
C:\Users\dmytr\source\repos\Tesdttwetwetrwt\Tesdttwetwetrwt\Tesdttwetwetrwt.cpp(79,12): error C2065: 'current': undeclared identifier
C:\Users\dmytr\source\repos\Tesdttwetwetrwt\Tesdttwetwetrwt\Tesdttwetwetrwt.cpp(79,12): error C3861: 'current': identifier not found
C:\Users\dmytr\source\repos\Tesdttwetwetrwt\Tesdttwetwetrwt\Tesdttwetwetrwt.cpp(83,3): error C3861: 'current': identifier not found
C:\Users\dmytr\source\repos\Tesdttwetwetrwt\Tesdttwetwetrwt\Tesdttwetwetrwt.cpp(83,13): error C3861: 'current': identifier not found
C:\Users\dmytr\source\repos\Tesdttwetwetrwt\Tesdttwetwetrwt\Tesdttwetwetrwt.cpp(83,3): error C2065: 'current': undeclared identifier
C:\Users\dmytr\source\repos\Tesdttwetwetrwt\Tesdttwetwetrwt\Tesdttwetwetrwt.cpp(83,13): error C2065: 'current': undeclared identifier
C:\Users\dmytr\source\repos\Tesdttwetwetrwt\Tesdttwetwetrwt\Tesdttwetwetrwt.cpp(93,10): error C3861: 'current': identifier not found
C:\Users\dmytr\source\repos\Tesdttwetwetrwt\Tesdttwetwetrwt\Tesdttwetwetrwt.cpp(93,10): error C2065: 'current': undeclared identifier
C:\Users\dmytr\source\repos\Tesdttwetwetrwt\Tesdttwetwetrwt\Tesdttwetwetrwt.cpp(114,31): error C2061: syntax error: identifier 'Node'
C:\Users\dmytr\source\repos\Tesdttwetwetrwt\Tesdttwetwetrwt\Tesdttwetwetrwt.cpp(157,2): message : see reference to class template instantiation 'ReverseListIterator<T>' being compiled
C:\Users\dmytr\source\repos\Tesdttwetwetrwt\Tesdttwetwetrwt\Tesdttwetwetrwt.cpp(156,6): error C2143: syntax error: missing ';' before '<'
C:\Users\dmytr\source\repos\Tesdttwetwetrwt\Tesdttwetwetrwt\Tesdttwetwetrwt.cpp(156,1): error C4430: missing type specifier - int assumed. Note: C++ does not support default-int
C:\Users\dmytr\source\repos\Tesdttwetwetrwt\Tesdttwetwetrwt\Tesdttwetwetrwt.cpp(156,1): error C2238: unexpected token(s) preceding ';'
C:\Users\dmytr\source\repos\Tesdttwetwetrwt\Tesdttwetwetrwt\Tesdttwetwetrwt.cpp(114,48): error C3861: 'current': identifier not found
C:\Users\dmytr\source\repos\Tesdttwetwetrwt\Tesdttwetwetrwt\Tesdttwetwetrwt.cpp(114,56): error C3861: 'node': identifier not found
C:\Users\dmytr\source\repos\Tesdttwetwetrwt\Tesdttwetwetrwt\Tesdttwetwetrwt.cpp(114,56): error C2065: 'node': undeclared identifier
C:\Users\dmytr\source\repos\Tesdttwetwetrwt\Tesdttwetwetrwt\Tesdttwetwetrwt.cpp(117,10): error C3861: 'current': identifier not found
C:\Users\dmytr\source\repos\Tesdttwetwetrwt\Tesdttwetwetrwt\Tesdttwetwetrwt.cpp(117,10): error C2065: 'current': undeclared identifier
C:\Users\dmytr\source\repos\Tesdttwetwetrwt\Tesdttwetwetrwt\Tesdttwetwetrwt.cpp(121,12): error C2065: 'current': undeclared identifier
C:\Users\dmytr\source\repos\Tesdttwetwetrwt\Tesdttwetwetrwt\Tesdttwetwetrwt.cpp(121,12): error C3861: 'current': identifier not found
C:\Users\dmytr\source\repos\Tesdttwetwetrwt\Tesdttwetwetrwt\Tesdttwetwetrwt.cpp(125,3): error C3861: 'current': identifier not found
C:\Users\dmytr\source\repos\Tesdttwetwetrwt\Tesdttwetwetrwt\Tesdttwetwetrwt.cpp(125,13): error C3861: 'current': identifier not found
C:\Users\dmytr\source\repos\Tesdttwetwetrwt\Tesdttwetwetrwt\Tesdttwetwetrwt.cpp(125,3): error C2065: 'current': undeclared identifier
C:\Users\dmytr\source\repos\Tesdttwetwetrwt\Tesdttwetwetrwt\Tesdttwetwetrwt.cpp(125,13): error C2065: 'current': undeclared identifier
C:\Users\dmytr\source\repos\Tesdttwetwetrwt\Tesdttwetwetrwt\Tesdttwetwetrwt.cpp(136,3): error C3861: 'current': identifier not found
C:\Users\dmytr\source\repos\Tesdttwetwetrwt\Tesdttwetwetrwt\Tesdttwetwetrwt.cpp(136,13): error C3861: 'current': identifier not found
C:\Users\dmytr\source\repos\Tesdttwetwetrwt\Tesdttwetwetrwt\Tesdttwetwetrwt.cpp(136,3): error C2065: 'current': undeclared identifier
C:\Users\dmytr\source\repos\Tesdttwetwetrwt\Tesdttwetwetrwt\Tesdttwetwetrwt.cpp(136,13): error C2065: 'current': undeclared identifier
C:\Users\dmytr\source\repos\Tesdttwetwetrwt\Tesdttwetwetrwt\Tesdttwetwetrwt.cpp(148,10): error C3861: 'current': identifier not found
C:\Users\dmytr\source\repos\Tesdttwetwetrwt\Tesdttwetwetrwt\Tesdttwetwetrwt.cpp(148,10): error C2065: 'current': undeclared identifier
C:\Users\dmytr\source\repos\Tesdttwetwetrwt\Tesdttwetwetrwt\Tesdttwetwetrwt.cpp(167,1): error C4430: missing type specifier - int assumed. Note: C++ does not support default-int
C:\Users\dmytr\source\repos\Tesdttwetwetrwt\Tesdttwetwetrwt\Tesdttwetwetrwt.cpp(210,2): message : see reference to class template instantiation 'ConstReverseListIterator<T>' being compiled
C:\Users\dmytr\source\repos\Tesdttwetwetrwt\Tesdttwetwetrwt\Tesdttwetwetrwt.cpp(167,46): error C2143: syntax error: missing ',' before '<'
C:\Users\dmytr\source\repos\Tesdttwetwetrwt\Tesdttwetwetrwt\Tesdttwetwetrwt.cpp(209,1): error C4430: missing type specifier - int assumed. Note: C++ does not support default-int
C:\Users\dmytr\source\repos\Tesdttwetwetrwt\Tesdttwetwetrwt\Tesdttwetwetrwt.cpp(209,12): error C2143: syntax error: missing ';' before '<'
C:\Users\dmytr\source\repos\Tesdttwetwetrwt\Tesdttwetwetrwt\Tesdttwetwetrwt.cpp(209,1): error C2238: unexpected token(s) preceding ';'
C:\Users\dmytr\source\repos\Tesdttwetwetrwt\Tesdttwetwetrwt\Tesdttwetwetrwt.cpp(167,59): error C3861: 'current': identifier not found
C:\Users\dmytr\source\repos\Tesdttwetwetrwt\Tesdttwetwetrwt\Tesdttwetwetrwt.cpp(167,67): error C3861: 'node': identifier not found
C:\Users\dmytr\source\repos\Tesdttwetwetrwt\Tesdttwetwetrwt\Tesdttwetwetrwt.cpp(167,67): error C2065: 'node': undeclared identifier
C:\Users\dmytr\source\repos\Tesdttwetwetrwt\Tesdttwetwetrwt\Tesdttwetwetrwt.cpp(170,10): error C3861: 'current': identifier not found
C:\Users\dmytr\source\repos\Tesdttwetwetrwt\Tesdttwetwetrwt\Tesdttwetwetrwt.cpp(170,10): error C2065: 'current': undeclared identifier
C:\Users\dmytr\source\repos\Tesdttwetwetrwt\Tesdttwetwetrwt\Tesdttwetwetrwt.cpp(174,12): error C2065: 'current': undeclared identifier
C:\Users\dmytr\source\repos\Tesdttwetwetrwt\Tesdttwetwetrwt\Tesdttwetwetrwt.cpp(174,12): error C3861: 'current': identifier not found
C:\Users\dmytr\source\repos\Tesdttwetwetrwt\Tesdttwetwetrwt\Tesdttwetwetrwt.cpp(178,3): error C3861: 'current': identifier not found
C:\Users\dmytr\source\repos\Tesdttwetwetrwt\Tesdttwetwetrwt\Tesdttwetwetrwt.cpp(178,13): error C3861: 'current': identifier not found
C:\Users\dmytr\source\repos\Tesdttwetwetrwt\Tesdttwetwetrwt\Tesdttwetwetrwt.cpp(178,3): error C2065: 'current': undeclared identifier
C:\Users\dmytr\source\repos\Tesdttwetwetrwt\Tesdttwetwetrwt\Tesdttwetwetrwt.cpp(178,13): error C2065: 'current': undeclared identifier
C:\Users\dmytr\source\repos\Tesdttwetwetrwt\Tesdttwetwetrwt\Tesdttwetwetrwt.cpp(189,3): error C3861: 'current': identifier not found
C:\Users\dmytr\source\repos\Tesdttwetwetrwt\Tesdttwetwetrwt\Tesdttwetwetrwt.cpp(189,13): error C3861: 'current': identifier not found
C:\Users\dmytr\source\repos\Tesdttwetwetrwt\Tesdttwetwetrwt\Tesdttwetwetrwt.cpp(189,3): error C2065: 'current': undeclared identifier
C:\Users\dmytr\source\repos\Tesdttwetwetrwt\Tesdttwetwetrwt\Tesdttwetwetrwt.cpp(189,13): error C2065: 'current': undeclared identifier
C:\Users\dmytr\source\repos\Tesdttwetwetrwt\Tesdttwetwetrwt\Tesdttwetwetrwt.cpp(200,10): error C3861: 'current': identifier not found
C:\Users\dmytr\source\repos\Tesdttwetwetrwt\Tesdttwetwetrwt\Tesdttwetwetrwt.cpp(200,10): error C2065: 'current': undeclared identifier
